Performing C SOURCE FILE Test CMAKE_HAVE_LIBC_PTHREAD failed with the following output:
Change Dir: /home/pi/RaspberryController/build/CMakeFiles/CMakeTmp

Run Build Command(s):/usr/bin/make cmTC_1bdfb/fast && /usr/bin/make -f CMakeFiles/cmTC_1bdfb.dir/build.make CMakeFiles/cmTC_1bdfb.dir/build
make[1]: 디렉터리 '/home/pi/RaspberryController/build/CMakeFiles/CMakeTmp' 들어감
Building C object CMakeFiles/cmTC_1bdfb.dir/src.c.o
/usr/bin/arm-linux-gnueabihf-gcc   -DCMAKE_HAVE_LIBC_PTHREAD   -o CMakeFiles/cmTC_1bdfb.dir/src.c.o   -c /home/pi/RaspberryController/build/CMakeFiles/CMakeTmp/src.c
Linking C executable cmTC_1bdfb
/usr/bin/cmake -E cmake_link_script CMakeFiles/cmTC_1bdfb.dir/link.txt --verbose=1
/usr/bin/arm-linux-gnueabihf-gcc  -DCMAKE_HAVE_LIBC_PTHREAD    -rdynamic CMakeFiles/cmTC_1bdfb.dir/src.c.o  -o cmTC_1bdfb 
/usr/bin/ld: CMakeFiles/cmTC_1bdfb.dir/src.c.o: in function `main':
src.c:(.text+0x40): undefined reference to `pthread_create'
/usr/bin/ld: src.c:(.text+0x4c): undefined reference to `pthread_detach'
/usr/bin/ld: src.c:(.text+0x5c): undefined reference to `pthread_join'
collect2: error: ld returned 1 exit status
make[1]: *** [CMakeFiles/cmTC_1bdfb.dir/build.make:87: cmTC_1bdfb] 오류 1
make[1]: 디렉터리 '/home/pi/RaspberryController/build/CMakeFiles/CMakeTmp' 나감
make: *** [Makefile:121: cmTC_1bdfb/fast] 오류 2


Source file was:
#include <pthread.h>

void* test_func(void* data)
{
  return data;
}

int main(void)
{
  pthread_t thread;
  pthread_create(&thread, NULL, test_func, NULL);
  pthread_detach(thread);
  pthread_join(thread, NULL);
  pthread_atfork(NULL, NULL, NULL);
  pthread_exit(NULL);

  return 0;
}

Determining if the function pthread_create exists in the pthreads failed with the following output:
Change Dir: /home/pi/RaspberryController/build/CMakeFiles/CMakeTmp

Run Build Command(s):/usr/bin/make cmTC_436d3/fast && /usr/bin/make -f CMakeFiles/cmTC_436d3.dir/build.make CMakeFiles/cmTC_436d3.dir/build
make[1]: 디렉터리 '/home/pi/RaspberryController/build/CMakeFiles/CMakeTmp' 들어감
Building C object CMakeFiles/cmTC_436d3.dir/CheckFunctionExists.c.o
/usr/bin/arm-linux-gnueabihf-gcc   -DCHECK_FUNCTION_EXISTS=pthread_create   -o CMakeFiles/cmTC_436d3.dir/CheckFunctionExists.c.o   -c /usr/share/cmake-3.16/Modules/CheckFunctionExists.c
Linking C executable cmTC_436d3
/usr/bin/cmake -E cmake_link_script CMakeFiles/cmTC_436d3.dir/link.txt --verbose=1
/usr/bin/arm-linux-gnueabihf-gcc  -DCHECK_FUNCTION_EXISTS=pthread_create    -rdynamic CMakeFiles/cmTC_436d3.dir/CheckFunctionExists.c.o  -o cmTC_436d3  -lpthreads 
/usr/bin/ld: cannot find -lpthreads
collect2: error: ld returned 1 exit status
make[1]: *** [CMakeFiles/cmTC_436d3.dir/build.make:87: cmTC_436d3] 오류 1
make[1]: 디렉터리 '/home/pi/RaspberryController/build/CMakeFiles/CMakeTmp' 나감
make: *** [Makefile:121: cmTC_436d3/fast] 오류 2



